Determining if the pthread_create exist failed with the following output:
Change Dir: /home/cassie/Cassie/build/CMakeFiles/CMakeTmp

Run Build Command:"/usr/bin/make" "cmTC_e6d8b/fast"
/usr/bin/make -f CMakeFiles/cmTC_e6d8b.dir/build.make CMakeFiles/cmTC_e6d8b.dir/build
make[1]: Entering directory '/home/cassie/Cassie/build/CMakeFiles/CMakeTmp'
Building C object CMakeFiles/cmTC_e6d8b.dir/CheckSymbolExists.c.o
/usr/bin/cc     -o CMakeFiles/cmTC_e6d8b.dir/CheckSymbolExists.c.o   -c /home/cassie/Cassie/build/CMakeFiles/CMakeTmp/CheckSymbolExists.c
Linking C executable cmTC_e6d8b
/usr/bin/cmake -E cmake_link_script CMakeFiles/cmTC_e6d8b.dir/link.txt --verbose=1
/usr/bin/cc       CMakeFiles/cmTC_e6d8b.dir/CheckSymbolExists.c.o  -o cmTC_e6d8b -rdynamic 
CMakeFiles/cmTC_e6d8b.dir/CheckSymbolExists.c.o: In function `main':
CheckSymbolExists.c:(.text+0xa): undefined reference to `pthread_create'
collect2: error: ld returned 1 exit status
CMakeFiles/cmTC_e6d8b.dir/build.make:97: recipe for target 'cmTC_e6d8b' failed
make[1]: *** [cmTC_e6d8b] Error 1
make[1]: Leaving directory '/home/cassie/Cassie/build/CMakeFiles/CMakeTmp'
Makefile:126: recipe for target 'cmTC_e6d8b/fast' failed
make: *** [cmTC_e6d8b/fast] Error 2

File /home/cassie/Cassie/build/CMakeFiles/CMakeTmp/CheckSymbolExists.c:
/* */
#include <pthread.h>

int main(int argc, char** argv)
{
  (void)argv;
#ifndef pthread_create
  return ((int*)(&pthread_create))[argc];
#else
  (void)argc;
  return 0;
#endif
}

Determining if the function pthread_create exists in the pthreads failed with the following output:
Change Dir: /home/cassie/Cassie/build/CMakeFiles/CMakeTmp

Run Build Command:"/usr/bin/make" "cmTC_de8c5/fast"
/usr/bin/make -f CMakeFiles/cmTC_de8c5.dir/build.make CMakeFiles/cmTC_de8c5.dir/build
make[1]: Entering directory '/home/cassie/Cassie/build/CMakeFiles/CMakeTmp'
Building C object CMakeFiles/cmTC_de8c5.dir/CheckFunctionExists.c.o
/usr/bin/cc    -DCHECK_FUNCTION_EXISTS=pthread_create   -o CMakeFiles/cmTC_de8c5.dir/CheckFunctionExists.c.o   -c /usr/share/cmake-3.5/Modules/CheckFunctionExists.c
Linking C executable cmTC_de8c5
/usr/bin/cmake -E cmake_link_script CMakeFiles/cmTC_de8c5.dir/link.txt --verbose=1
/usr/bin/cc   -DCHECK_FUNCTION_EXISTS=pthread_create    CMakeFiles/cmTC_de8c5.dir/CheckFunctionExists.c.o  -o cmTC_de8c5 -rdynamic -lpthreads 
/usr/bin/ld: cannot find -lpthreads
collect2: error: ld returned 1 exit status
CMakeFiles/cmTC_de8c5.dir/build.make:97: recipe for target 'cmTC_de8c5' failed
make[1]: *** [cmTC_de8c5] Error 1
make[1]: Leaving directory '/home/cassie/Cassie/build/CMakeFiles/CMakeTmp'
Makefile:126: recipe for target 'cmTC_de8c5/fast' failed
make: *** [cmTC_de8c5/fast] Error 2


